\BOOKMARK [1][-]{section.1}{\376\377\000A\000p\000e\000r\000\347\000u\000\040\000g\000\351\000n\000\351\000r\000a\000l}{}% 1
\BOOKMARK [1][-]{section.2}{\376\377\000F\000o\000n\000c\000t\000i\000o\000n\000n\000a\000l\000i\000t\000\351\000s\000\040\000p\000r\000i\000n\000c\000i\000p\000a\000l\000e\000s}{}% 2
\BOOKMARK [1][-]{section.3}{\376\377\000S\000t\000r\000u\000c\000t\000u\000r\000e\000\040\000d\000u\000\040\000d\000\351\000p\000\364\000t}{}% 3
\BOOKMARK [1][-]{section.4}{\376\377\000I\000n\000s\000t\000a\000l\000l\000a\000t\000i\000o\000n}{}% 4
\BOOKMARK [2][-]{subsection.4.1}{\376\377\000P\000r\000\351\000r\000e\000q\000u\000i\000s}{section.4}% 5
\BOOKMARK [2][-]{subsection.4.2}{\376\377\000E\000n\000v\000i\000r\000o\000n\000n\000e\000m\000e\000n\000t\000\040\000v\000i\000r\000t\000u\000e\000l\000\040\000e\000t\000\040\000d\000\351\000p\000e\000n\000d\000a\000n\000c\000e\000s}{section.4}% 6
\BOOKMARK [2][-]{subsection.4.3}{\376\377\000L\000a\000n\000c\000e\000m\000e\000n\000t}{section.4}% 7
\BOOKMARK [1][-]{section.5}{\376\377\000G\000u\000i\000d\000e\000\040\000d\000'\000u\000t\000i\000l\000i\000s\000a\000t\000i\000o\000n\000\040\000\050\000p\000a\000s\000\040\000\340\000\040\000p\000a\000s\000\051}{}% 8
\BOOKMARK [2][-]{subsection.5.1}{\376\377\000O\000n\000g\000l\000e\000t\000\040\000F\000i\000c\000h\000i\000e\000r\000s}{section.5}% 9
\BOOKMARK [2][-]{subsection.5.2}{\376\377\000O\000n\000g\000l\000e\000t\000\040\000M\000\351\000t\000a\000d\000o\000n\000n\000\351\000e\000s}{section.5}% 10
\BOOKMARK [3][-]{subsubsection.5.2.1}{\376\377\000S\000a\000i\000s\000i\000e\000\040\000d\000e\000s\000\040\000v\000o\000l\000u\000m\000e\000s}{subsection.5.2}% 11
\BOOKMARK [3][-]{subsubsection.5.2.2}{\376\377\000C\000o\000r\000r\000e\000s\000p\000o\000n\000d\000a\000n\000c\000e\000\040\000s\000p\000e\000c\000t\000r\000e\000s\000\040\000\040\000t\000u\000b\000e\000s}{subsection.5.2}% 12
\BOOKMARK [3][-]{subsubsection.5.2.3}{\376\377\000A\000s\000s\000e\000m\000b\000l\000a\000g\000e}{subsection.5.2}% 13
\BOOKMARK [2][-]{subsection.5.3}{\376\377\000O\000n\000g\000l\000e\000t\000\040\000S\000p\000e\000c\000t\000r\000e\000s}{section.5}% 14
\BOOKMARK [2][-]{subsection.5.4}{\376\377\000O\000n\000g\000l\000e\000t\000\040\000A\000n\000a\000l\000y\000s\000e}{section.5}% 15
\BOOKMARK [2][-]{subsection.5.5}{\376\377\000O\000n\000g\000l\000e\000t\000\040\000E\000x\000p\000l\000o\000r\000a\000t\000i\000o\000n\000\040\000\050\000P\000C\000A\000\051}{section.5}% 16
\BOOKMARK [3][-]{subsubsection.5.5.1}{\376\377\000S\000o\000u\000s\000-\000o\000n\000g\000l\000e\000t\000s\000\040\000d\000i\000s\000p\000o\000n\000i\000b\000l\000e\000s}{subsection.5.5}% 17
\BOOKMARK [3][-]{subsubsection.5.5.2}{\376\377\000P\000a\000r\000a\000m\000\350\000t\000r\000e\000s}{subsection.5.5}% 18
\BOOKMARK [3][-]{subsubsection.5.5.3}{\376\377\000W\000o\000r\000k\000f\000l\000o\000w\000\040\000t\000y\000p\000i\000q\000u\000e}{subsection.5.5}% 19
\BOOKMARK [1][-]{section.6}{\376\377\000C\000o\000m\000p\000r\000e\000n\000d\000r\000e\000\040\000l\000a\000\040\000P\000C\000A\000\040\000e\000n\000\040\000s\000p\000e\000c\000t\000r\000o\000s\000c\000o\000p\000i\000e\000\040\000R\000a\000m\000a\000n}{}% 20
\BOOKMARK [2][-]{subsection.6.1}{\376\377\000M\000o\000t\000i\000v\000a\000t\000i\000o\000n\000\040\000:\000\040\000p\000o\000u\000r\000q\000u\000o\000i\000\040\000l\000a\000\040\000P\000C\000A\000\040\000?}{section.6}% 21
\BOOKMARK [2][-]{subsection.6.2}{\376\377\000C\000a\000l\000c\000u\000l\000\040\000p\000a\000s\000\040\000\340\000\040\000p\000a\000s\000\040\000:\000\040\000d\000e\000\040\000l\000a\000\040\000m\000a\000t\000r\000i\000c\000e\000\040\000d\000e\000\040\000s\000p\000e\000c\000t\000r\000e\000s\000\040\000a\000u\000x\000\040\000c\000o\000m\000p\000o\000s\000a\000n\000t\000e\000s}{section.6}% 22
\BOOKMARK [3][-]{subsubsection.6.2.1}{\376\377\000\311\000t\000a\000p\000e\000\040\0001\000\040\040\024\000\040\000C\000o\000n\000s\000t\000r\000u\000c\000t\000i\000o\000n\000\040\000d\000e\000\040\000l\000a\000\040\000m\000a\000t\000r\000i\000c\000e\000\040\000d\000e\000\040\000d\000o\000n\000n\000\351\000e\000s}{subsection.6.2}% 23
\BOOKMARK [3][-]{subsubsection.6.2.2}{\376\377\000\311\000t\000a\000p\000e\000\040\0002\000\040\040\024\000\040\000C\000e\000n\000t\000r\000a\000g\000e\000\040\000d\000e\000\040\000l\000a\000\040\000m\000a\000t\000r\000i\000c\000e}{subsection.6.2}% 24
\BOOKMARK [3][-]{subsubsection.6.2.3}{\376\377\000\311\000t\000a\000p\000e\000\040\0003\000\040\040\024\000\040\000M\000a\000t\000r\000i\000c\000e\000\040\000d\000e\000\040\000c\000o\000v\000a\000r\000i\000a\000n\000c\000e}{subsection.6.2}% 25
\BOOKMARK [3][-]{subsubsection.6.2.4}{\376\377\000\311\000t\000a\000p\000e\000\040\0004\000\040\040\024\000\040\000D\000\351\000c\000o\000m\000p\000o\000s\000i\000t\000i\000o\000n\000\040\000e\000n\000\040\000v\000a\000l\000e\000u\000r\000s\000\040\000p\000r\000o\000p\000r\000e\000s}{subsection.6.2}% 26
\BOOKMARK [3][-]{subsubsection.6.2.5}{\376\377\000\311\000t\000a\000p\000e\000\040\0005\000\040\040\024\000\040\000C\000a\000l\000c\000u\000l\000\040\000d\000e\000s\000\040\000s\000c\000o\000r\000e\000s}{subsection.6.2}% 27
\BOOKMARK [2][-]{subsection.6.3}{\376\377\000I\000n\000t\000e\000r\000p\000r\000\351\000t\000a\000t\000i\000o\000n\000\040\000g\000\351\000o\000m\000\351\000t\000r\000i\000q\000u\000e}{section.6}% 28
\BOOKMARK [2][-]{subsection.6.4}{\376\377\000C\000e\000\040\000q\000u\000e\000\040\000s\000i\000g\000n\000i\000f\000i\000e\000n\000t\000\040\000P\000C\0001\000,\000\040\000P\000C\0002\000,\000\040\000P\000C\0003\040\046}{section.6}% 29
\BOOKMARK [3][-]{subsubsection.6.4.1}{\376\377\000P\000C\0001\000\040\000:\000\040\000l\000a\000\040\000p\000l\000u\000s\000\040\000g\000r\000a\000n\000d\000e\000\040\000s\000o\000u\000r\000c\000e\000\040\000d\000e\000\040\000v\000a\000r\000i\000a\000b\000i\000l\000i\000t\000\351}{subsection.6.4}% 30
\BOOKMARK [3][-]{subsubsection.6.4.2}{\376\377\000P\000C\0002\000\040\000:\000\040\000l\000a\000\040\000d\000e\000u\000x\000i\000\350\000m\000e\000\040\000s\000o\000u\000r\000c\000e\000\040\000d\000e\000\040\000v\000a\000r\000i\000a\000b\000i\000l\000i\000t\000\351}{subsection.6.4}% 31
\BOOKMARK [3][-]{subsubsection.6.4.3}{\376\377\000P\000C\0003\000\040\000e\000t\000\040\000s\000u\000i\000v\000a\000n\000t\000e\000s}{subsection.6.4}% 32
\BOOKMARK [2][-]{subsection.6.5}{\376\377\000I\000n\000t\000e\000r\000p\000r\000\351\000t\000e\000r\000\040\000u\000n\000\040\000l\000o\000a\000d\000i\000n\000g\000\040\000e\000n\000\040\000d\000\351\000t\000a\000i\000l}{section.6}% 33
\BOOKMARK [2][-]{subsection.6.6}{\376\377\000I\000n\000t\000e\000r\000p\000r\000\351\000t\000e\000r\000\040\000u\000n\000\040\000s\000c\000o\000r\000e\000\040\000e\000n\000\040\000d\000\351\000t\000a\000i\000l}{section.6}% 34
\BOOKMARK [2][-]{subsection.6.7}{\376\377\000G\000r\000a\000p\000h\000e\000\040\000S\000c\000o\000r\000e\000s\000\040\000P\000C\0001\000\040\000v\000s\000\040\000P\000C\0002\000\040\000:\000\040\000l\000a\000\040\000c\000l\000\351\000\040\000d\000e\000\040\000l\000'\000i\000n\000t\000e\000r\000p\000r\000\351\000t\000a\000t\000i\000o\000n}{section.6}% 35
\BOOKMARK [2][-]{subsection.6.8}{\376\377\000R\000e\000c\000o\000n\000s\000t\000r\000u\000c\000t\000i\000o\000n\000\040\000\340\000\040\000p\000a\000r\000t\000i\000r\000\040\000d\000e\000\040\000N\000\040\000c\000o\000m\000p\000o\000s\000a\000n\000t\000e\000s}{section.6}% 36
\BOOKMARK [2][-]{subsection.6.9}{\376\377\000V\000a\000r\000i\000a\000n\000c\000e\000\040\000e\000x\000p\000l\000i\000q\000u\000\351\000e\000\040\000e\000t\000\040\000s\000c\000r\000e\000e\000\040\000p\000l\000o\000t}{section.6}% 37
\BOOKMARK [2][-]{subsection.6.10}{\376\377\000P\000C\000A\000\040\000c\000o\000r\000r\000\351\000l\000\351\000e\000\040\000v\000s\000\040\000P\000C\000A\000\040\000l\000i\000b\000r\000e}{section.6}% 38
\BOOKMARK [3][-]{subsubsection.6.10.1}{\376\377\000P\000C\000A\000\040\000c\000o\000r\000r\000\351\000l\000\351\000e}{subsection.6.10}% 39
\BOOKMARK [3][-]{subsubsection.6.10.2}{\376\377\000P\000C\000A\000\040\000l\000i\000b\000r\000e}{subsection.6.10}% 40
\BOOKMARK [2][-]{subsection.6.11}{\376\377\000R\000\351\000s\000u\000m\000\351\000\040\000p\000r\000a\000t\000i\000q\000u\000e}{section.6}% 41
\BOOKMARK [1][-]{section.7}{\376\377\000G\000\351\000n\000\351\000r\000a\000t\000i\000o\000n\000\040\000d\000e\000\040\000v\000o\000l\000u\000m\000e\000s\000\040\000g\000a\000u\000s\000s\000i\000e\000n\000s}{}% 42
\BOOKMARK [2][-]{subsection.7.1}{\376\377\000A\000r\000c\000h\000i\000t\000e\000c\000t\000u\000r\000e\000\040\000d\000'\000u\000n\000\040\000t\000u\000b\000e\000\040\000e\000x\000p\000\351\000r\000i\000m\000e\000n\000t\000a\000l}{section.7}% 43
\BOOKMARK [2][-]{subsection.7.2}{\376\377\000P\000a\000r\000a\000m\000\350\000t\000r\000e\000s\000\040\000d\000u\000\040\000d\000i\000a\000l\000o\000g\000u\000e}{section.7}% 44
\BOOKMARK [3][-]{subsubsection.7.2.1}{\376\377\000P\000a\000r\000a\000m\000\350\000t\000r\000e\000s\000\040\000p\000r\000i\000n\000c\000i\000p\000a\000u\000x}{subsection.7.2}% 45
\BOOKMARK [3][-]{subsubsection.7.2.2}{\376\377\000S\000o\000l\000u\000t\000i\000o\000n\000s\000\040\000f\000i\000x\000e\000s\000\040\000\050\000C\000,\000\040\000D\000,\000\040\000E\000,\000\040\000F\000\051}{subsection.7.2}% 46
\BOOKMARK [3][-]{subsubsection.7.2.3}{\376\377\000C\000o\000n\000t\000r\000a\000i\000n\000t\000e\000s\000\040\000d\000e\000\040\000p\000i\000p\000e\000t\000a\000g\000e}{subsection.7.2}% 47
\BOOKMARK [2][-]{subsection.7.3}{\376\377\000C\000a\000l\000c\000u\000l\000\040\000d\000u\000\040\000v\000o\000l\000u\000m\000e\000\040\000d\000'\000\351\000q\000u\000i\000v\000a\000l\000e\000n\000c\000e\000\040\000c\000h\000i\000m\000i\000q\000u\000e}{section.7}% 48
\BOOKMARK [2][-]{subsection.7.4}{\376\377\000G\000\351\000n\000\351\000r\000a\000t\000i\000o\000n\000\040\000d\000e\000s\000\040\000v\000o\000l\000u\000m\000e\000s\000\040\000p\000a\000r\000\040\000q\000u\000a\000n\000t\000i\000l\000e\000s\000\040\000g\000a\000u\000s\000s\000i\000e\000n\000s}{section.7}% 49
\BOOKMARK [3][-]{subsubsection.7.4.1}{\376\377\000N\000o\000m\000b\000r\000e\000\040\000d\000e\000\040\000t\000u\000b\000e\000s\000\040\000l\000i\000b\000r\000e\000s}{subsection.7.4}% 50
\BOOKMARK [3][-]{subsubsection.7.4.2}{\376\377\000Q\000u\000a\000n\000t\000i\000l\000e\000s\000\040\000d\000e\000\040\000l\000a\000\040\000l\000o\000i\000\040\000n\000o\000r\000m\000a\000l\000e}{subsection.7.4}% 51
\BOOKMARK [3][-]{subsubsection.7.4.3}{\376\377\000D\000\351\000f\000o\000r\000m\000a\000t\000i\000o\000n\000\040\000p\000o\000u\000r\000\040\000c\000o\000n\000c\000e\000n\000t\000r\000e\000r\000\040\000l\000e\000s\000\040\000p\000o\000i\000n\000t\000s\000\040\000a\000u\000t\000o\000u\000r\000\040\000d\000e\000\040\000V\000e\000q}{subsection.7.4}% 52
\BOOKMARK [3][-]{subsubsection.7.4.4}{\376\377\000F\000a\000c\000t\000e\000u\000r\000\040\000d\000'\000\351\000c\000h\000e\000l\000l\000e\000\040\000V\000\040\000e\000t\000\040\000b\000o\000r\000n\000e\000s\000\040\000p\000h\000y\000s\000i\000q\000u\000e\000s}{subsection.7.4}% 53
\BOOKMARK [3][-]{subsubsection.7.4.5}{\376\377\000C\000o\000n\000v\000e\000r\000s\000i\000o\000n\000\040\000e\000n\000\040\000v\000o\000l\000u\000m\000e\000s\000\040\000f\000i\000n\000a\000u\000x}{subsection.7.4}% 54
\BOOKMARK [2][-]{subsection.7.5}{\376\377\000C\000a\000l\000c\000u\000l\000\040\000d\000e\000s\000\040\000c\000o\000n\000c\000e\000n\000t\000r\000a\000t\000i\000o\000n\000s\000\040\000f\000i\000n\000a\000l\000e\000s\000\040\000d\000a\000n\000s\000\040\000l\000e\000s\000\040\000t\000u\000b\000e\000s}{section.7}% 55
\BOOKMARK [2][-]{subsection.7.6}{\376\377\000M\000o\000d\000e\000\040\000c\000o\000m\000p\000t\000e\000-\000g\000o\000u\000t\000t\000e}{section.7}% 56
\BOOKMARK [2][-]{subsection.7.7}{\376\377\000D\000i\000a\000l\000o\000g\000u\000e\000\040\000\253\000\040\000Q\000u\000a\000n\000t\000i\000t\000\351\000s\000\040\000d\000e\000\040\000m\000a\000t\000i\000\350\000r\000e\000\040\000\273}{section.7}% 57
\BOOKMARK [2][-]{subsection.7.8}{\376\377\000E\000x\000e\000m\000p\000l\000e\000\040\000c\000o\000m\000p\000l\000e\000t\000\040\000n\000u\000m\000\351\000r\000i\000q\000u\000e}{section.7}% 58
\BOOKMARK [1][-]{section.8}{\376\377\000F\000o\000r\000m\000a\000t\000s\000\040\000d\000e\000\040\000f\000i\000c\000h\000i\000e\000r\000s\000\040\000a\000t\000t\000e\000n\000d\000u\000s}{}% 59
\BOOKMARK [2][-]{subsection.8.1}{\376\377\000F\000i\000c\000h\000i\000e\000r\000s\000\040\000s\000p\000e\000c\000t\000r\000e\000s\000\040\000.\000t\000x\000t}{section.8}% 60
\BOOKMARK [2][-]{subsection.8.2}{\376\377\000F\000i\000c\000h\000i\000e\000r\000\040\000d\000e\000\040\000m\000\351\000t\000a\000d\000o\000n\000n\000\351\000e\000s}{section.8}% 61
\BOOKMARK [1][-]{section.9}{\376\377\000D\000\351\000t\000a\000i\000l\000s\000\040\000t\000e\000c\000h\000n\000i\000q\000u\000e\000s\000\040\000\050\000m\000o\000d\000u\000l\000e\000s\000\051}{}% 62
\BOOKMARK [2][-]{subsection.9.1}{\376\377\000d\000a\000t\000a\000\137\000p\000r\000o\000c\000e\000s\000s\000i\000n\000g\000.\000p\000y}{section.9}% 63
\BOOKMARK [2][-]{subsection.9.2}{\376\377\000m\000e\000t\000a\000d\000a\000t\000a\000\137\000m\000o\000d\000e\000l\000.\000p\000y}{section.9}% 64
\BOOKMARK [2][-]{subsection.9.3}{\376\377\000m\000e\000t\000a\000d\000a\000t\000a\000\137\000c\000r\000e\000a\000t\000o\000r\000.\000p\000y}{section.9}% 65
\BOOKMARK [2][-]{subsection.9.4}{\376\377\000s\000p\000e\000c\000t\000r\000a\000\137\000p\000l\000o\000t\000.\000p\000y}{section.9}% 66
\BOOKMARK [2][-]{subsection.9.5}{\376\377\000a\000n\000a\000l\000y\000s\000i\000s\000\137\000t\000a\000b\000.\000p\000y}{section.9}% 67
\BOOKMARK [2][-]{subsection.9.6}{\376\377\000p\000e\000a\000k\000\137\000s\000e\000l\000e\000c\000t\000o\000r\000.\000p\000y}{section.9}% 68
\BOOKMARK [1][-]{section.10}{\376\377\000E\000x\000p\000o\000r\000t\000\040\000e\000t\000\040\000s\000a\000u\000v\000e\000g\000a\000r\000d\000e\000s}{}% 69
\BOOKMARK [1][-]{section.11}{\376\377\000B\000o\000n\000n\000e\000s\000\040\000p\000r\000a\000t\000i\000q\000u\000e\000s}{}% 70
\BOOKMARK [1][-]{section.12}{\376\377\000D\000\351\000p\000a\000n\000n\000a\000g\000e\000\040\000\050\000F\000A\000Q\000\051}{}% 71
\BOOKMARK [1][-]{section.13}{\376\377\000C\000r\000\351\000d\000i\000t\000s\000\040\000e\000t\000\040\000l\000i\000c\000e\000n\000c\000e}{}% 72
